<?xml version="1.0" encoding="UTF-8" ?>
<testsuite failures="0" time="0.731" errors="1" skipped="0" tests="1" name="net.kristianandersen.warpdrive.mojo.WarpDriveMojoTest">
  <properties>
[...]
</properties>
  <testcase time="0.643" classname="net.kristianandersen.warpdrive.mojo.WarpDriveMojoTest" name="testJsDir">
    <error message="Cannot find a configuration element for a plugin with an artifactId of maven-warpdrive-plugin." type="org.apache.maven.plugin.testing.ConfigurationException">org.apache.maven.plugin.testing.ConfigurationException: Cannot find a configuration element for a plugin with an artifactId of maven-warpdrive-plugin.
	at org.apache.maven.plugin.testing.AbstractMojoTestCase.extractPluginConfiguration(AbstractMojoTestCase.java:254)
	at org.apache.maven.plugin.testing.AbstractMojoTestCase.extractPluginConfiguration(AbstractMojoTestCase.java:215)
	at org.apache.maven.plugin.testing.AbstractMojoTestCase.lookupMojo(AbstractMojoTestCase.java:125)
	at net.kristianandersen.warpdrive.mojo.WarpDriveMojoTest.testJsDir(WarpDriveMojoTest.java:37)
</error>
  </testcase>
</testsuite>